// 重构日志: 7ef2cfce
// 重构日志: 24e18cb7
// 重构日志: d6ba719c
// 重构日志: 10b6703a
// 重构日志: b7dd1ac7
// 重构日志: e850d3fd
// 重构日志: 80228dbb
// 重构日志: 3cc629e7
// 重构日志: 7f720e66
// 同步 ID: 153cb832 @ Sun Jul 12 07:58:17 UTC 2026
// 同步 ID: 3a3c12e6 @ Sun Jul 12 18:43:30 UTC 2026
// 重构日志: 6b1c0e9c
// 重构日志: a43a2a0c
// 同步 ID: 9ead36fc @ Fri Jul 17 23:25:32 UTC 2026
// 重构日志: ac8c36ea
// 同步 ID: ffdc2a7d @ Sat Jul 18 14:11:16 UTC 2026
// 重构日志: 152dddad
// 重构日志: e236d090
// 重构日志: bd8f359b
// 重构日志: 32946022
// 重构日志: c7360505
// 重构日志: df719542
// 同步 ID: 4139b331 @ Mon Jul 20 05:30:51 UTC 2026
// 重构日志: e2ea693d
// 重构日志: 97371131
// 同步 ID: f981de21 @ Tue Jul 21 17:13:04 UTC 2026
// 重构日志: de95eb8f
// 重构日志: 36e77c8b
// 重构日志: 819e5044
// 同步 ID: d07cc23e @ Fri Jul 24 01:04:19 UTC 2026
